<?xml version="1.0" encoding="UTF-8"?>
<!-- Generated by org.testng.reporters.JUnitXMLReporter -->
<testsuite ignored="0" hostname="Aparnas-MBP" failures="1" tests="1" name="VeriryTitleTest" time="8.807" errors="0" timestamp="20 Jan 2021 23:34:06 GMT">
  <testcase classname="Framework.ValidateTitleTest" name="validateTitle" time="8.244">
    <failure type="java.lang.AssertionError" message="expected [XXXXXX] but found [Selenium Easy Demo - Simple Form to Automate using Selenium]">
      <![CDATA[java.lang.AssertionError: expected [XXXXXX] but found [Selenium Easy Demo - Simple Form to Automate using Selenium]
at Framework.ValidateTitleTest.validateTitle(ValidateTitleTest.java:42)
at java.base/java.util.concurrent.FutureTask.run(FutureTask.java:264)
at java.base/java.util.concurrent.ThreadPoolExecutor.runWorker(ThreadPoolExecutor.java:1128)
at java.base/java.util.concurrent.ThreadPoolExecutor$Worker.run(ThreadPoolExecutor.java:628)
at java.base/java.lang.Thread.run(Thread.java:834)
... Removed 22 stack frames]]>
    </failure>
  </testcase> <!-- validateTitle -->
</testsuite> <!-- VeriryTitleTest -->
