-------------------------------------------------------------------------------
Test set: TestSuite
-------------------------------------------------------------------------------
Tests run: 3, Failures: 1, Errors: 0, Skipped: 0, Time elapsed: 9.95 s <<< FAILURE! - in TestSuite
Framework.ValidateTitleTest.validateTitle  Time elapsed: 8.245 s  <<< FAILURE!
java.lang.AssertionError: expected [XXXXXX] but found [Selenium Easy Demo - Simple Form to Automate using Selenium]
	at Framework.ValidateTitleTest.validateTitle(ValidateTitleTest.java:42)

