<?xml version="1.0" encoding="UTF-8"?>
<testsuite xmlns:xsi="http://www.w3.org/2001/XMLSchema-instance" xsi:noNamespaceSchemaLocation="https://maven.apache.org/surefire/maven-surefire-plugin/xsd/surefire-test-report-3.0.xsd" version="3.0" name="TestSuite" time="10.114" tests="3" errors="0" skipped="0" failures="1">
  <properties>
    <property name="gopherProxySet" value="false"/>
    <property name="awt.toolkit" value="sun.lwawt.macosx.LWCToolkit"/>
    <property name="java.specification.version" value="11"/>
    <property name="webdriver.chrome.driver" value="/Users/aparnachdhry/Documents/Software/drivers/chromedriver/chromedriver"/>
    <property name="sun.cpu.isalist" value=""/>
    <property name="sun.jnu.encoding" value="UTF-8"/>
    <property name="java.class.path" value="/Users/aparnachdhry/eclipse-workspace/E2EProject_2021/target/test-classes:/Users/aparnachdhry/eclipse-workspace/E2EProject_2021/target/classes:/Users/aparnachdhry/.m2/repository/junit/junit/4.11/junit-4.11.jar:/Users/aparnachdhry/.m2/repository/org/hamcrest/hamcrest-core/1.3/hamcrest-core-1.3.jar:/Users/aparnachdhry/.m2/repository/org/seleniumhq/selenium/selenium-java/3.141.59/selenium-java-3.141.59.jar:/Users/aparnachdhry/.m2/repository/org/seleniumhq/selenium/selenium-api/3.141.59/selenium-api-3.141.59.jar:/Users/aparnachdhry/.m2/repository/org/seleniumhq/selenium/selenium-chrome-driver/3.141.59/selenium-chrome-driver-3.141.59.jar:/Users/aparnachdhry/.m2/repository/org/seleniumhq/selenium/selenium-edge-driver/3.141.59/selenium-edge-driver-3.141.59.jar:/Users/aparnachdhry/.m2/repository/org/seleniumhq/selenium/selenium-firefox-driver/3.141.59/selenium-firefox-driver-3.141.59.jar:/Users/aparnachdhry/.m2/repository/org/seleniumhq/selenium/selenium-ie-driver/3.141.59/selenium-ie-driver-3.141.59.jar:/Users/aparnachdhry/.m2/repository/org/seleniumhq/selenium/selenium-opera-driver/3.141.59/selenium-opera-driver-3.141.59.jar:/Users/aparnachdhry/.m2/repository/org/seleniumhq/selenium/selenium-remote-driver/3.141.59/selenium-remote-driver-3.141.59.jar:/Users/aparnachdhry/.m2/repository/org/seleniumhq/selenium/selenium-safari-driver/3.141.59/selenium-safari-driver-3.141.59.jar:/Users/aparnachdhry/.m2/repository/org/seleniumhq/selenium/selenium-support/3.141.59/selenium-support-3.141.59.jar:/Users/aparnachdhry/.m2/repository/net/bytebuddy/byte-buddy/1.8.15/byte-buddy-1.8.15.jar:/Users/aparnachdhry/.m2/repository/org/apache/commons/commons-exec/1.3/commons-exec-1.3.jar:/Users/aparnachdhry/.m2/repository/com/google/guava/guava/25.0-jre/guava-25.0-jre.jar:/Users/aparnachdhry/.m2/repository/com/google/code/findbugs/jsr305/1.3.9/jsr305-1.3.9.jar:/Users/aparnachdhry/.m2/repository/org/checkerframework/checker-compat-qual/2.0.0/checker-compat-qual-2.0.0.jar:/Users/aparnachdhry/.m2/repository/com/google/errorprone/error_prone_annotations/2.1.3/error_prone_annotations-2.1.3.jar:/Users/aparnachdhry/.m2/repository/com/google/j2objc/j2objc-annotations/1.1/j2objc-annotations-1.1.jar:/Users/aparnachdhry/.m2/repository/org/codehaus/mojo/animal-sniffer-annotations/1.14/animal-sniffer-annotations-1.14.jar:/Users/aparnachdhry/.m2/repository/com/squareup/okhttp3/okhttp/3.11.0/okhttp-3.11.0.jar:/Users/aparnachdhry/.m2/repository/com/squareup/okio/okio/1.14.0/okio-1.14.0.jar:/Users/aparnachdhry/.m2/repository/org/testng/testng/6.14.3/testng-6.14.3.jar:/Users/aparnachdhry/.m2/repository/com/beust/jcommander/1.72/jcommander-1.72.jar:/Users/aparnachdhry/.m2/repository/org/apache-extras/beanshell/bsh/2.0b6/bsh-2.0b6.jar:/Users/aparnachdhry/.m2/repository/com/aventstack/extentreports/5.0.6/extentreports-5.0.6.jar:/Users/aparnachdhry/.m2/repository/io/reactivex/rxjava3/rxjava/3.0.4/rxjava-3.0.4.jar:/Users/aparnachdhry/.m2/repository/org/reactivestreams/reactive-streams/1.0.3/reactive-streams-1.0.3.jar:/Users/aparnachdhry/.m2/repository/org/freemarker/freemarker/2.3.30/freemarker-2.3.30.jar:/Users/aparnachdhry/.m2/repository/org/projectlombok/lombok/1.18.12/lombok-1.18.12.jar:/Users/aparnachdhry/.m2/repository/com/google/code/gson/gson/2.8.6/gson-2.8.6.jar:/Users/aparnachdhry/.m2/repository/org/apache/logging/log4j/log4j-api/2.14.0/log4j-api-2.14.0.jar:/Users/aparnachdhry/.m2/repository/org/apache/logging/log4j/log4j-core/2.14.0/log4j-core-2.14.0.jar:/Users/aparnachdhry/.m2/repository/commons-io/commons-io/2.8.0/commons-io-2.8.0.jar:"/>
    <property name="java.vm.vendor" value="Oracle Corporation"/>
    <property name="sun.arch.data.model" value="64"/>
    <property name="java.vendor.url" value="http://java.oracle.com/"/>
    <property name="user.timezone" value="America/Los_Angeles"/>
    <property name="java.vm.specification.version" value="11"/>
    <property name="os.name" value="Mac OS X"/>
    <property name="sun.java.launcher" value="SUN_STANDARD"/>
    <property name="user.country" value="US"/>
    <property name="sun.boot.library.path" value="/Library/Java/JavaVirtualMachines/jdk-11.0.6.jdk/Contents/Home/lib"/>
    <property name="sun.java.command" value="/Users/aparnachdhry/eclipse-workspace/E2EProject_2021/target/surefire/surefirebooter4980231710843970757.jar /Users/aparnachdhry/eclipse-workspace/E2EProject_2021/target/surefire 2021-01-18T23-58-14_479-jvmRun1 surefire15599769103603781748tmp surefire_011537982308355624267tmp"/>
    <property name="http.nonProxyHosts" value="local|*.local|169.254/16|*.169.254/16"/>
    <property name="jdk.debug" value="release"/>
    <property name="surefire.test.class.path" value="/Users/aparnachdhry/eclipse-workspace/E2EProject_2021/target/test-classes:/Users/aparnachdhry/eclipse-workspace/E2EProject_2021/target/classes:/Users/aparnachdhry/.m2/repository/junit/junit/4.11/junit-4.11.jar:/Users/aparnachdhry/.m2/repository/org/hamcrest/hamcrest-core/1.3/hamcrest-core-1.3.jar:/Users/aparnachdhry/.m2/repository/org/seleniumhq/selenium/selenium-java/3.141.59/selenium-java-3.141.59.jar:/Users/aparnachdhry/.m2/repository/org/seleniumhq/selenium/selenium-api/3.141.59/selenium-api-3.141.59.jar:/Users/aparnachdhry/.m2/repository/org/seleniumhq/selenium/selenium-chrome-driver/3.141.59/selenium-chrome-driver-3.141.59.jar:/Users/aparnachdhry/.m2/repository/org/seleniumhq/selenium/selenium-edge-driver/3.141.59/selenium-edge-driver-3.141.59.jar:/Users/aparnachdhry/.m2/repository/org/seleniumhq/selenium/selenium-firefox-driver/3.141.59/selenium-firefox-driver-3.141.59.jar:/Users/aparnachdhry/.m2/repository/org/seleniumhq/selenium/selenium-ie-driver/3.141.59/selenium-ie-driver-3.141.59.jar:/Users/aparnachdhry/.m2/repository/org/seleniumhq/selenium/selenium-opera-driver/3.141.59/selenium-opera-driver-3.141.59.jar:/Users/aparnachdhry/.m2/repository/org/seleniumhq/selenium/selenium-remote-driver/3.141.59/selenium-remote-driver-3.141.59.jar:/Users/aparnachdhry/.m2/repository/org/seleniumhq/selenium/selenium-safari-driver/3.141.59/selenium-safari-driver-3.141.59.jar:/Users/aparnachdhry/.m2/repository/org/seleniumhq/selenium/selenium-support/3.141.59/selenium-support-3.141.59.jar:/Users/aparnachdhry/.m2/repository/net/bytebuddy/byte-buddy/1.8.15/byte-buddy-1.8.15.jar:/Users/aparnachdhry/.m2/repository/org/apache/commons/commons-exec/1.3/commons-exec-1.3.jar:/Users/aparnachdhry/.m2/repository/com/google/guava/guava/25.0-jre/guava-25.0-jre.jar:/Users/aparnachdhry/.m2/repository/com/google/code/findbugs/jsr305/1.3.9/jsr305-1.3.9.jar:/Users/aparnachdhry/.m2/repository/org/checkerframework/checker-compat-qual/2.0.0/checker-compat-qual-2.0.0.jar:/Users/aparnachdhry/.m2/repository/com/google/errorprone/error_prone_annotations/2.1.3/error_prone_annotations-2.1.3.jar:/Users/aparnachdhry/.m2/repository/com/google/j2objc/j2objc-annotations/1.1/j2objc-annotations-1.1.jar:/Users/aparnachdhry/.m2/repository/org/codehaus/mojo/animal-sniffer-annotations/1.14/animal-sniffer-annotations-1.14.jar:/Users/aparnachdhry/.m2/repository/com/squareup/okhttp3/okhttp/3.11.0/okhttp-3.11.0.jar:/Users/aparnachdhry/.m2/repository/com/squareup/okio/okio/1.14.0/okio-1.14.0.jar:/Users/aparnachdhry/.m2/repository/org/testng/testng/6.14.3/testng-6.14.3.jar:/Users/aparnachdhry/.m2/repository/com/beust/jcommander/1.72/jcommander-1.72.jar:/Users/aparnachdhry/.m2/repository/org/apache-extras/beanshell/bsh/2.0b6/bsh-2.0b6.jar:/Users/aparnachdhry/.m2/repository/com/aventstack/extentreports/5.0.6/extentreports-5.0.6.jar:/Users/aparnachdhry/.m2/repository/io/reactivex/rxjava3/rxjava/3.0.4/rxjava-3.0.4.jar:/Users/aparnachdhry/.m2/repository/org/reactivestreams/reactive-streams/1.0.3/reactive-streams-1.0.3.jar:/Users/aparnachdhry/.m2/repository/org/freemarker/freemarker/2.3.30/freemarker-2.3.30.jar:/Users/aparnachdhry/.m2/repository/org/projectlombok/lombok/1.18.12/lombok-1.18.12.jar:/Users/aparnachdhry/.m2/repository/com/google/code/gson/gson/2.8.6/gson-2.8.6.jar:/Users/aparnachdhry/.m2/repository/org/apache/logging/log4j/log4j-api/2.14.0/log4j-api-2.14.0.jar:/Users/aparnachdhry/.m2/repository/org/apache/logging/log4j/log4j-core/2.14.0/log4j-core-2.14.0.jar:/Users/aparnachdhry/.m2/repository/commons-io/commons-io/2.8.0/commons-io-2.8.0.jar:"/>
    <property name="sun.cpu.endian" value="little"/>
    <property name="user.home" value="/Users/aparnachdhry"/>
    <property name="user.language" value="en"/>
    <property name="java.specification.vendor" value="Oracle Corporation"/>
    <property name="java.version.date" value="2020-01-14"/>
    <property name="java.home" value="/Library/Java/JavaVirtualMachines/jdk-11.0.6.jdk/Contents/Home"/>
    <property name="file.separator" value="/"/>
    <property name="basedir" value="/Users/aparnachdhry/eclipse-workspace/E2EProject_2021"/>
    <property name="java.vm.compressedOopsMode" value="Zero based"/>
    <property name="line.separator" value="&#10;"/>
    <property name="java.specification.name" value="Java Platform API Specification"/>
    <property name="java.vm.specification.vendor" value="Oracle Corporation"/>
    <property name="java.awt.graphicsenv" value="sun.awt.CGraphicsEnvironment"/>
    <property name="surefire.real.class.path" value="/Users/aparnachdhry/eclipse-workspace/E2EProject_2021/target/surefire/surefirebooter4980231710843970757.jar"/>
    <property name="sun.management.compiler" value="HotSpot 64-Bit Tiered Compilers"/>
    <property name="ftp.nonProxyHosts" value="local|*.local|169.254/16|*.169.254/16"/>
    <property name="java.runtime.version" value="11.0.6+8-LTS"/>
    <property name="user.name" value="aparnachdhry"/>
    <property name="path.separator" value=":"/>
    <property name="os.version" value="10.14.6"/>
    <property name="java.runtime.name" value="Java(TM) SE Runtime Environment"/>
    <property name="file.encoding" value="UTF-8"/>
    <property name="java.vm.name" value="Java HotSpot(TM) 64-Bit Server VM"/>
    <property name="java.vendor.version" value="18.9"/>
    <property name="localRepository" value="/Users/aparnachdhry/.m2/repository"/>
    <property name="java.vendor.url.bug" value="http://bugreport.java.com/bugreport/"/>
    <property name="java.io.tmpdir" value="/var/folders/rg/h4wwk10n2m36gkb9q_0hf5nm0000gn/T/"/>
    <property name="java.version" value="11.0.6"/>
    <property name="user.dir" value="/Users/aparnachdhry/eclipse-workspace/E2EProject_2021"/>
    <property name="os.arch" value="x86_64"/>
    <property name="java.vm.specification.name" value="Java Virtual Machine Specification"/>
    <property name="java.awt.printerjob" value="sun.lwawt.macosx.CPrinterJob"/>
    <property name="sun.os.patch.level" value="unknown"/>
    <property name="java.library.path" value="/Users/aparnachdhry/Library/Java/Extensions:/Library/Java/Extensions:/Network/Library/Java/Extensions:/System/Library/Java/Extensions:/usr/lib/java:."/>
    <property name="java.vendor" value="Oracle Corporation"/>
    <property name="java.vm.info" value="mixed mode"/>
    <property name="java.vm.version" value="11.0.6+8-LTS"/>
    <property name="sun.io.unicode.encoding" value="UnicodeBig"/>
    <property name="java.class.version" value="55.0"/>
    <property name="socksNonProxyHosts" value="local|*.local|169.254/16|*.169.254/16"/>
  </properties>
  <testcase name="shouldAnswerWithTrue" classname="Framework.AppTest" time="0.005">
    <system-out><![CDATA[[TestNGContentHandler] [WARN] It is strongly recommended to add "<!DOCTYPE suite SYSTEM "http://testng.org/testng-1.0.dtd" >" at the top of your file, otherwise TestNG may fail or not work as expected.
]]></system-out>
  </testcase>
  <testcase name="basePageNavigation" classname="Framework.LoginTest" time="7.897">
    <system-err><![CDATA[SSttaarrttiinngg  CChhrroommeeDDrriivveerr  8866..00..4244204.02.22 2 ((339988b074b3035734f3f3365fb31fbf82364fb618b82f46638af36a39a33ba49e32be849ee2-ree8f9se/-brraenfcs/hb-hreaanch-dhesa/4d2s/442400@@{#{#3378}7) 8}o)n  opno rt 6p8ort 7115
9O9n7
Onllyy  llooccala lc ocnnoencnteicotinosn s aarer ea lallolowewde.d
.P
lPeleaassee  sseeee  hhttttpps:s/://c/hcrhormeodmreidvreirv.erc.hcrhroommiiuumm..oorrgg/s/escuerciutryi-tcyo-cnosnidseidreatratiioonnss f ofr or ssuuggggeessttiionos nosn  on kekepeienpgi ngC hCrhormeoDmreiverD rsiavfere s.a
feC.h
roCmheromDerDirivveerr  wwaass  ssttaarrtteedd  ssucuccecsessfsuflullyl.y.

[1611043097.397][WARNING]: This version of ChromeDriver has not been tested with Chrome version 87.
[1611043097.455][WARNING]: This version of ChromeDriver has not been tested with Chrome version 87.
Jan 18, 2021 11:58:17 PM org.openqa.selenium.remote.ProtocolHandshake createSession
INFO: Detected dialect: W3C
Jan 18, 2021 11:58:17 PM org.openqa.selenium.remote.ProtocolHandshake createSession
INFO: Detected dialect: W3C
]]></system-err>
  </testcase>
  <testcase name="validateTitle" classname="Framework.ValidateTitleTest" time="9.156">
    <failure message="expected [XXXXXX] but found [Selenium Easy Demo - Simple Form to Automate using Selenium]" type="java.lang.AssertionError"><![CDATA[java.lang.AssertionError: expected [XXXXXX] but found [Selenium Easy Demo - Simple Form to Automate using Selenium]
	at Framework.ValidateTitleTest.validateTitle(ValidateTitleTest.java:42)
]]></failure>
    <system-out><![CDATA[inside listener methhod
inside try
inside screensthhot method
inside 1
inside 2
inside 3
inside 4
]]></system-out>
  </testcase>
</testsuite>