<?xml version="1.0" encoding="UTF-8"?>
<testng-results ignored="0" total="3" passed="2" failed="1" skipped="0">
  <reporter-output>
  </reporter-output>
  <suite started-at="2021-01-20T18:18:45Z" name="Suite" finished-at="2021-01-20T18:18:54Z" duration-ms="8596">
    <groups>
    </groups>
    <test started-at="2021-01-20T18:18:45Z" name="Apest" finished-at="2021-01-20T18:18:45Z" duration-ms="39">
      <class name="Framework.AppTest">
        <test-method signature="shouldAnswerWithTrue()[pri:0, instance:Framework.AppTest@289710d9]" started-at="2021-01-20T18:18:45Z" name="shouldAnswerWithTrue" finished-at="2021-01-20T18:18:45Z" duration-ms="10" status="PASS">
          <reporter-output>
          </reporter-output>
        </test-method> <!-- shouldAnswerWithTrue -->
      </class> <!-- Framework.AppTest -->
    </test> <!-- Apest -->
    <test started-at="2021-01-20T18:18:45Z" name="VeriryTitleTest" finished-at="2021-01-20T18:18:53Z" duration-ms="8305">
      <class name="Framework.ValidateTitleTest">
        <test-method signature="validateTitle()[pri:0, instance:Framework.ValidateTitleTest@72bca894]" started-at="2021-01-20T18:18:45Z" name="validateTitle" finished-at="2021-01-20T18:18:53Z" duration-ms="7926" status="FAIL">
          <exception class="java.lang.AssertionError">
            <message>
              <![CDATA[expected [XXXXXX] but found [Selenium Easy Demo - Simple Form to Automate using Selenium]]]>
            </message>
            <full-stacktrace>
              <![CDATA[java.lang.AssertionError: expected [XXXXXX] but found [Selenium Easy Demo - Simple Form to Automate using Selenium]
at org.testng.Assert.fail(Assert.java:96)
at org.testng.Assert.failNotEquals(Assert.java:776)
at org.testng.Assert.assertEqualsImpl(Assert.java:137)
at org.testng.Assert.assertEquals(Assert.java:118)
at org.testng.Assert.assertEquals(Assert.java:453)
at org.testng.Assert.assertEquals(Assert.java:463)
at Framework.ValidateTitleTest.validateTitle(ValidateTitleTest.java:42)
at java.base/jdk.internal.reflect.NativeMethodAccessorImpl.invoke0(Native Method)
at java.base/jdk.internal.reflect.NativeMethodAccessorImpl.invoke(NativeMethodAccessorImpl.java:62)
at java.base/jdk.internal.reflect.DelegatingMethodAccessorImpl.invoke(DelegatingMethodAccessorImpl.java:43)
at java.base/java.lang.reflect.Method.invoke(Method.java:566)
at org.testng.internal.MethodInvocationHelper.invokeMethod(MethodInvocationHelper.java:124)
at org.testng.internal.Invoker.invokeMethod(Invoker.java:583)
at org.testng.internal.Invoker.invokeTestMethod(Invoker.java:719)
at org.testng.internal.Invoker.invokeTestMethods(Invoker.java:989)
at org.testng.internal.TestMethodWorker.invokeTestMethods(TestMethodWorker.java:125)
at org.testng.internal.TestMethodWorker.run(TestMethodWorker.java:109)
at org.testng.TestRunner.privateRun(TestRunner.java:648)
at org.testng.TestRunner.run(TestRunner.java:505)
at org.testng.SuiteRunner.runTest(SuiteRunner.java:455)
at org.testng.SuiteRunner.access$000(SuiteRunner.java:40)
at org.testng.SuiteRunner$SuiteWorker.run(SuiteRunner.java:489)
at org.testng.internal.thread.ThreadUtil$1.call(ThreadUtil.java:52)
at java.base/java.util.concurrent.FutureTask.run(FutureTask.java:264)
at java.base/java.util.concurrent.ThreadPoolExecutor.runWorker(ThreadPoolExecutor.java:1128)
at java.base/java.util.concurrent.ThreadPoolExecutor$Worker.run(ThreadPoolExecutor.java:628)
at java.base/java.lang.Thread.run(Thread.java:834)
]]>
            </full-stacktrace>
          </exception> <!-- java.lang.AssertionError -->
          <reporter-output>
          </reporter-output>
        </test-method> <!-- validateTitle -->
      </class> <!-- Framework.ValidateTitleTest -->
    </test> <!-- VeriryTitleTest -->
    <test started-at="2021-01-20T18:18:45Z" name="LognTest" finished-at="2021-01-20T18:18:54Z" duration-ms="8596">
      <class name="Framework.LoginTest">
        <test-method signature="basePageNavigation()[pri:0, instance:Framework.LoginTest@37d3d232]" started-at="2021-01-20T18:18:45Z" name="basePageNavigation" finished-at="2021-01-20T18:18:54Z" duration-ms="8573" status="PASS">
          <reporter-output>
          </reporter-output>
        </test-method> <!-- basePageNavigation -->
      </class> <!-- Framework.LoginTest -->
    </test> <!-- LognTest -->
  </suite> <!-- Suite -->
</testng-results>
